Analysis & Synthesis report for TopModule
Thu Jul  2 07:54:02 2020
Quartus Prime Version 20.1.0 Build 711 06/05/2020 SJ Lite Edition


---------------------
; Table of Contents ;
---------------------
  1. Legal Notice
  2. Analysis & Synthesis Summary
  3. Analysis & Synthesis Settings
  4. Parallel Compilation
  5. Analysis & Synthesis Source Files Read
  6. Analysis & Synthesis Resource Usage Summary
  7. Analysis & Synthesis Resource Utilization by Entity
  8. Registers Removed During Synthesis
  9. General Register Statistics
 10. Multiplexer Restructuring Statistics (Restructuring Performed)
 11. Parameter Settings for User Entity Instance: m_seven_segment:u5
 12. Parameter Settings for User Entity Instance: m_seven_segment:u6
 13. Post-Synthesis Netlist Statistics for Top Partition
 14. Elapsed Time Per Partition
 15. Analysis & Synthesis Messages



----------------
; Legal Notice ;
----------------
Copyright (C) 2020  Intel Corporation. All rights reserved.
Your use of Intel Corporation's design tools, logic functions 
and other software and tools, and any partner logic 
functions, and any output files from any of the foregoing 
(including device programming or simulation files), and any 
associated documentation or information are expressly subject 
to the terms and conditions of the Intel Program License 
Subscription Agreement, the Intel Quartus Prime License Agreement,
the Intel FPGA IP License Agreement, or other applicable license
agreement, including, without limitation, that your use is for
the sole purpose of programming logic devices manufactured by
Intel and sold by Intel or its authorized distributors.  Please
refer to the applicable agreement for further details, at
https://fpgasoftware.intel.com/eula.



+----------------------------------------------------------------------------------+
; Analysis & Synthesis Summary                                                     ;
+------------------------------------+---------------------------------------------+
; Analysis & Synthesis Status        ; Successful - Thu Jul  2 07:54:02 2020       ;
; Quartus Prime Version              ; 20.1.0 Build 711 06/05/2020 SJ Lite Edition ;
; Revision Name                      ; TopModule                                   ;
; Top-level Entity Name              ; TopModule                                   ;
; Family                             ; MAX 10                                      ;
; Total logic elements               ; 103                                         ;
;     Total combinational functions  ; 101                                         ;
;     Dedicated logic registers      ; 46                                          ;
; Total registers                    ; 46                                          ;
; Total pins                         ; 72                                          ;
; Total virtual pins                 ; 0                                           ;
; Total memory bits                  ; 0                                           ;
; Embedded Multiplier 9-bit elements ; 0                                           ;
; Total PLLs                         ; 0                                           ;
; UFM blocks                         ; 0                                           ;
; ADC blocks                         ; 0                                           ;
+------------------------------------+---------------------------------------------+


+------------------------------------------------------------------------------------------------------------+
; Analysis & Synthesis Settings                                                                              ;
+------------------------------------------------------------------+--------------------+--------------------+
; Option                                                           ; Setting            ; Default Value      ;
+------------------------------------------------------------------+--------------------+--------------------+
; Device                                                           ; 10M50DAF484C7G     ;                    ;
; Top-level entity name                                            ; TopModule          ; TopModule          ;
; Family name                                                      ; MAX 10             ; Cyclone V          ;
; Use smart compilation                                            ; Off                ; Off                ;
; Enable parallel Assembler and Timing Analyzer during compilation ; On                 ; On                 ;
; Enable compact report table                                      ; Off                ; Off                ;
; Restructure Multiplexers                                         ; Auto               ; Auto               ;
; Create Debugging Nodes for IP Cores                              ; Off                ; Off                ;
; Preserve fewer node names                                        ; On                 ; On                 ;
; Intel FPGA IP Evaluation Mode                                    ; Enable             ; Enable             ;
; Verilog Version                                                  ; Verilog_2001       ; Verilog_2001       ;
; VHDL Version                                                     ; VHDL_1993          ; VHDL_1993          ;
; State Machine Processing                                         ; Auto               ; Auto               ;
; Safe State Machine                                               ; Off                ; Off                ;
; Extract Verilog State Machines                                   ; On                 ; On                 ;
; Extract VHDL State Machines                                      ; On                 ; On                 ;
; Ignore Verilog initial constructs                                ; Off                ; Off                ;
; Iteration limit for constant Verilog loops                       ; 5000               ; 5000               ;
; Iteration limit for non-constant Verilog loops                   ; 250                ; 250                ;
; Add Pass-Through Logic to Inferred RAMs                          ; On                 ; On                 ;
; Infer RAMs from Raw Logic                                        ; On                 ; On                 ;
; Parallel Synthesis                                               ; On                 ; On                 ;
; DSP Block Balancing                                              ; Auto               ; Auto               ;
; NOT Gate Push-Back                                               ; On                 ; On                 ;
; Power-Up Don't Care                                              ; On                 ; On                 ;
; Remove Redundant Logic Cells                                     ; Off                ; Off                ;
; Remove Duplicate Registers                                       ; On                 ; On                 ;
; Ignore CARRY Buffers                                             ; Off                ; Off                ;
; Ignore CASCADE Buffers                                           ; Off                ; Off                ;
; Ignore GLOBAL Buffers                                            ; Off                ; Off                ;
; Ignore ROW GLOBAL Buffers                                        ; Off                ; Off                ;
; Ignore LCELL Buffers                                             ; Off                ; Off                ;
; Ignore SOFT Buffers                                              ; On                 ; On                 ;
; Limit AHDL Integers to 32 Bits                                   ; Off                ; Off                ;
; Optimization Technique                                           ; Balanced           ; Balanced           ;
; Carry Chain Length                                               ; 70                 ; 70                 ;
; Auto Carry Chains                                                ; On                 ; On                 ;
; Auto Open-Drain Pins                                             ; On                 ; On                 ;
; Perform WYSIWYG Primitive Resynthesis                            ; Off                ; Off                ;
; Auto ROM Replacement                                             ; On                 ; On                 ;
; Auto RAM Replacement                                             ; On                 ; On                 ;
; Auto DSP Block Replacement                                       ; On                 ; On                 ;
; Auto Shift Register Replacement                                  ; Auto               ; Auto               ;
; Allow Shift Register Merging across Hierarchies                  ; Auto               ; Auto               ;
; Auto Clock Enable Replacement                                    ; On                 ; On                 ;
; Strict RAM Replacement                                           ; Off                ; Off                ;
; Allow Synchronous Control Signals                                ; On                 ; On                 ;
; Force Use of Synchronous Clear Signals                           ; Off                ; Off                ;
; Auto RAM Block Balancing                                         ; On                 ; On                 ;
; Auto RAM to Logic Cell Conversion                                ; Off                ; Off                ;
; Auto Resource Sharing                                            ; Off                ; Off                ;
; Allow Any RAM Size For Recognition                               ; Off                ; Off                ;
; Allow Any ROM Size For Recognition                               ; Off                ; Off                ;
; Allow Any Shift Register Size For Recognition                    ; Off                ; Off                ;
; Use LogicLock Constraints during Resource Balancing              ; On                 ; On                 ;
; Ignore translate_off and synthesis_off directives                ; Off                ; Off                ;
; Timing-Driven Synthesis                                          ; On                 ; On                 ;
; Report Parameter Settings                                        ; On                 ; On                 ;
; Report Source Assignments                                        ; On                 ; On                 ;
; Report Connectivity Checks                                       ; On                 ; On                 ;
; Ignore Maximum Fan-Out Assignments                               ; Off                ; Off                ;
; Synchronization Register Chain Length                            ; 2                  ; 2                  ;
; Power Optimization During Synthesis                              ; Normal compilation ; Normal compilation ;
; HDL message level                                                ; Level2             ; Level2             ;
; Suppress Register Optimization Related Messages                  ; Off                ; Off                ;
; Number of Removed Registers Reported in Synthesis Report         ; 5000               ; 5000               ;
; Number of Swept Nodes Reported in Synthesis Report               ; 5000               ; 5000               ;
; Number of Inverted Registers Reported in Synthesis Report        ; 100                ; 100                ;
; Clock MUX Protection                                             ; On                 ; On                 ;
; Auto Gated Clock Conversion                                      ; Off                ; Off                ;
; Block Design Naming                                              ; Auto               ; Auto               ;
; SDC constraint protection                                        ; Off                ; Off                ;
; Synthesis Effort                                                 ; Auto               ; Auto               ;
; Shift Register Replacement - Allow Asynchronous Clear Signal     ; On                 ; On                 ;
; Pre-Mapping Resynthesis Optimization                             ; Off                ; Off                ;
; Analysis & Synthesis Message Level                               ; Medium             ; Medium             ;
; Disable Register Merging Across Hierarchies                      ; Auto               ; Auto               ;
; Resource Aware Inference For Block RAM                           ; On                 ; On                 ;
+------------------------------------------------------------------+--------------------+--------------------+


+------------------------------------------+
; Parallel Compilation                     ;
+----------------------------+-------------+
; Processors                 ; Number      ;
+----------------------------+-------------+
; Number detected on machine ; 2           ;
; Maximum allowed            ; 2           ;
;                            ;             ;
; Average used               ; 1.00        ;
; Maximum used               ; 2           ;
;                            ;             ;
; Usage by Processor         ; % Time Used ;
;     Processor 1            ; 100.0%      ;
;     Processor 2            ;   0.0%      ;
+----------------------------+-------------+


+----------------------------------------------------------------------------------------------------------------------------------+
; Analysis & Synthesis Source Files Read                                                                                           ;
+----------------------------------+-----------------+------------------------+------------------------------------------+---------+
; File Name with User-Entered Path ; Used in Netlist ; File Type              ; File Name with Absolute Path             ; Library ;
+----------------------------------+-----------------+------------------------+------------------------------------------+---------+
; TopModule.v                      ; yes             ; User Verilog HDL File  ; /home/vagrant/shared/L18_PWM/TopModule.v ;         ;
; PWM.v                            ; yes             ; User Verilog HDL File  ; /home/vagrant/shared/L18_PWM/PWM.v       ;         ;
+----------------------------------+-----------------+------------------------+------------------------------------------+---------+


+----------------------------------------------------------+
; Analysis & Synthesis Resource Usage Summary              ;
+---------------------------------------------+------------+
; Resource                                    ; Usage      ;
+---------------------------------------------+------------+
; Estimated Total logic elements              ; 103        ;
;                                             ;            ;
; Total combinational functions               ; 101        ;
; Logic element usage by number of LUT inputs ;            ;
;     -- 4 input functions                    ; 19         ;
;     -- 3 input functions                    ; 25         ;
;     -- <=2 input functions                  ; 57         ;
;                                             ;            ;
; Logic elements by mode                      ;            ;
;     -- normal mode                          ; 35         ;
;     -- arithmetic mode                      ; 66         ;
;                                             ;            ;
; Total registers                             ; 46         ;
;     -- Dedicated logic registers            ; 46         ;
;     -- I/O registers                        ; 0          ;
;                                             ;            ;
; I/O pins                                    ; 72         ;
;                                             ;            ;
; Embedded Multiplier 9-bit elements          ; 0          ;
;                                             ;            ;
; Maximum fan-out node                        ; CLK1~input ;
; Maximum fan-out                             ; 36         ;
; Total fan-out                               ; 456        ;
; Average fan-out                             ; 1.57       ;
+---------------------------------------------+------------+


+--------------------------------------------------------------------------------------------------------------------------------------------------------------------------------------------------------------------------------------------------------+
; Analysis & Synthesis Resource Utilization by Entity                                                                                                                                                                                                    ;
+----------------------------+---------------------+---------------------------+-------------+------------+--------------+---------+-----------+------+--------------+------------+----------------------------------+--------------------+--------------+
; Compilation Hierarchy Node ; Combinational ALUTs ; Dedicated Logic Registers ; Memory Bits ; UFM Blocks ; DSP Elements ; DSP 9x9 ; DSP 18x18 ; Pins ; Virtual Pins ; ADC blocks ; Full Hierarchy Name              ; Entity Name        ; Library Name ;
+----------------------------+---------------------+---------------------------+-------------+------------+--------------+---------+-----------+------+--------------+------------+----------------------------------+--------------------+--------------+
; |TopModule                 ; 101 (0)             ; 46 (0)                    ; 0           ; 0          ; 0            ; 0       ; 0         ; 72   ; 0            ; 0          ; |TopModule                       ; TopModule          ; work         ;
;    |m_10ms_clk:u2|         ; 33 (33)             ; 19 (19)                   ; 0           ; 0          ; 0            ; 0       ; 0         ; 0    ; 0            ; 0          ; |TopModule|m_10ms_clk:u2         ; m_10ms_clk         ; work         ;
;    |m_chattering:u0|       ; 15 (15)             ; 2 (2)                     ; 0           ; 0          ; 0            ; 0       ; 0         ; 0    ; 0            ; 0          ; |TopModule|m_chattering:u0       ; m_chattering       ; work         ;
;    |m_chattering:u1|       ; 15 (15)             ; 9 (9)                     ; 0           ; 0          ; 0            ; 0       ; 0         ; 0    ; 0            ; 0          ; |TopModule|m_chattering:u1       ; m_chattering       ; work         ;
;    |m_pwm:u4|              ; 16 (16)             ; 8 (8)                     ; 0           ; 0          ; 0            ; 0       ; 0         ; 0    ; 0            ; 0          ; |TopModule|m_pwm:u4              ; m_pwm              ; work         ;
;    |m_seven_segment:u5|    ; 7 (7)               ; 0 (0)                     ; 0           ; 0          ; 0            ; 0       ; 0         ; 0    ; 0            ; 0          ; |TopModule|m_seven_segment:u5    ; m_seven_segment    ; work         ;
;    |m_up_down_counter2:u3| ; 15 (15)             ; 8 (8)                     ; 0           ; 0          ; 0            ; 0       ; 0         ; 0    ; 0            ; 0          ; |TopModule|m_up_down_counter2:u3 ; m_up_down_counter2 ; work         ;
+----------------------------+---------------------+---------------------------+-------------+------------+--------------+---------+-----------+------+--------------+------------+----------------------------------+--------------------+--------------+
Note: For table entries with two numbers listed, the numbers in parentheses indicate the number of resources of the given type used by the specific entity alone. The numbers listed outside of parentheses indicate the total resources of the given type used by the specific entity and all of its sub-entities in the hierarchy.


+------------------------------------------------------------------------------+
; Registers Removed During Synthesis                                           ;
+----------------------------------------+-------------------------------------+
; Register name                          ; Reason for Removal                  ;
+----------------------------------------+-------------------------------------+
; m_chattering:u1|cnt[0]                 ; Merged with m_pwm:u4|cnt[0]         ;
; m_chattering:u0|cnt[0]                 ; Merged with m_pwm:u4|cnt[0]         ;
; m_chattering:u0|cnt[1]                 ; Merged with m_pwm:u4|cnt[1]         ;
; m_chattering:u1|cnt[1]                 ; Merged with m_pwm:u4|cnt[1]         ;
; m_chattering:u0|cnt[2]                 ; Merged with m_pwm:u4|cnt[2]         ;
; m_chattering:u1|cnt[2]                 ; Merged with m_pwm:u4|cnt[2]         ;
; m_chattering:u0|cnt[3]                 ; Merged with m_pwm:u4|cnt[3]         ;
; m_chattering:u1|cnt[3]                 ; Merged with m_pwm:u4|cnt[3]         ;
; m_chattering:u0|cnt[4]                 ; Merged with m_pwm:u4|cnt[4]         ;
; m_chattering:u1|cnt[4]                 ; Merged with m_pwm:u4|cnt[4]         ;
; m_chattering:u0|cnt[5]                 ; Merged with m_pwm:u4|cnt[5]         ;
; m_chattering:u1|cnt[5]                 ; Merged with m_pwm:u4|cnt[5]         ;
; m_chattering:u0|cnt[6]                 ; Merged with m_pwm:u4|cnt[6]         ;
; m_chattering:u1|cnt[6]                 ; Merged with m_pwm:u4|cnt[6]         ;
; m_chattering:u1|cnt[7]                 ; Merged with m_pwm:u4|cnt[7]         ;
; m_chattering:u0|cnt[7]                 ; Merged with m_pwm:u4|cnt[7]         ;
; m_chattering:u0|cnt[8]                 ; Merged with m_chattering:u1|cnt[8]  ;
; m_chattering:u0|cnt[9]                 ; Merged with m_chattering:u1|cnt[9]  ;
; m_chattering:u0|cnt[10]                ; Merged with m_chattering:u1|cnt[10] ;
; m_chattering:u0|cnt[11]                ; Merged with m_chattering:u1|cnt[11] ;
; m_chattering:u0|cnt[12]                ; Merged with m_chattering:u1|cnt[12] ;
; m_chattering:u0|cnt[13]                ; Merged with m_chattering:u1|cnt[13] ;
; m_chattering:u0|cnt[14]                ; Merged with m_chattering:u1|cnt[14] ;
; m_10ms_clk:u2|cnt[0]                   ; Merged with m_pwm:u4|cnt[0]         ;
; m_10ms_clk:u2|cnt[1]                   ; Merged with m_pwm:u4|cnt[1]         ;
; Total Number of Removed Registers = 25 ;                                     ;
+----------------------------------------+-------------------------------------+


+------------------------------------------------------+
; General Register Statistics                          ;
+----------------------------------------------+-------+
; Statistic                                    ; Value ;
+----------------------------------------------+-------+
; Total registers                              ; 46    ;
; Number of registers using Synchronous Clear  ; 0     ;
; Number of registers using Synchronous Load   ; 0     ;
; Number of registers using Asynchronous Clear ; 0     ;
; Number of registers using Asynchronous Load  ; 0     ;
; Number of registers using Clock Enable       ; 8     ;
; Number of registers using Preset             ; 0     ;
+----------------------------------------------+-------+


+-------------------------------------------------------------------------------------------------------------------------------------------------------+
; Multiplexer Restructuring Statistics (Restructuring Performed)                                                                                        ;
+--------------------+-----------+---------------+----------------------+------------------------+------------+-----------------------------------------+
; Multiplexer Inputs ; Bus Width ; Baseline Area ; Area if Restructured ; Saving if Restructured ; Registered ; Example Multiplexer Output              ;
+--------------------+-----------+---------------+----------------------+------------------------+------------+-----------------------------------------+
; 3:1                ; 8 bits    ; 16 LEs        ; 8 LEs                ; 8 LEs                  ; Yes        ; |TopModule|m_up_down_counter2:u3|cnt[2] ;
+--------------------+-----------+---------------+----------------------+------------------------+------------+-----------------------------------------+


+-----------------------------------------------------------------+
; Parameter Settings for User Entity Instance: m_seven_segment:u5 ;
+----------------+-------+----------------------------------------+
; Parameter Name ; Value ; Type                                   ;
+----------------+-------+----------------------------------------+
; dot            ; 1     ; Signed Integer                         ;
+----------------+-------+----------------------------------------+
Note: In order to hide this table in the UI and the text report file, please set the "Show Parameter Settings in Synthesis Report" option in "Analysis and Synthesis Settings -> More Settings" to "Off".


+-----------------------------------------------------------------+
; Parameter Settings for User Entity Instance: m_seven_segment:u6 ;
+----------------+-------+----------------------------------------+
; Parameter Name ; Value ; Type                                   ;
+----------------+-------+----------------------------------------+
; dot            ; 1     ; Signed Integer                         ;
+----------------+-------+----------------------------------------+
Note: In order to hide this table in the UI and the text report file, please set the "Show Parameter Settings in Synthesis Report" option in "Analysis and Synthesis Settings -> More Settings" to "Off".


+-----------------------------------------------------+
; Post-Synthesis Netlist Statistics for Top Partition ;
+-----------------------+-----------------------------+
; Type                  ; Count                       ;
+-----------------------+-----------------------------+
; boundary_port         ; 72                          ;
; cycloneiii_ff         ; 46                          ;
;     ENA               ; 8                           ;
;     plain             ; 38                          ;
; cycloneiii_lcell_comb ; 103                         ;
;     arith             ; 66                          ;
;         2 data inputs ; 49                          ;
;         3 data inputs ; 17                          ;
;     normal            ; 37                          ;
;         0 data inputs ; 1                           ;
;         1 data inputs ; 6                           ;
;         2 data inputs ; 3                           ;
;         3 data inputs ; 8                           ;
;         4 data inputs ; 19                          ;
;                       ;                             ;
; Max LUT depth         ; 3.60                        ;
; Average LUT depth     ; 2.36                        ;
+-----------------------+-----------------------------+


+-------------------------------+
; Elapsed Time Per Partition    ;
+----------------+--------------+
; Partition Name ; Elapsed Time ;
+----------------+--------------+
; Top            ; 00:00:00     ;
+----------------+--------------+


+-------------------------------+
; Analysis & Synthesis Messages ;
+-------------------------------+
Info: *******************************************************************
Info: Running Quartus Prime Analysis & Synthesis
    Info: Version 20.1.0 Build 711 06/05/2020 SJ Lite Edition
    Info: Processing started: Thu Jul  2 07:53:54 2020
Info: Command: quartus_map --read_settings_files=on --write_settings_files=off L18_PWM -c TopModule
Warning (18236): Number of processors has not been specified which may cause overloading on shared machines.  Set the global assignment NUM_PARALLEL_PROCESSORS in your QSF to an appropriate value for best performance.
Info (20030): Parallel compilation is enabled and will use 2 of the 2 processors detected
Info (12021): Found 1 design units, including 1 entities, in source file TopModule.v
    Info (12023): Found entity 1: TopModule File: /home/vagrant/shared/L18_PWM/TopModule.v Line: 1
Info (12021): Found 5 design units, including 5 entities, in source file PWM.v
    Info (12023): Found entity 1: m_pwm File: /home/vagrant/shared/L18_PWM/PWM.v Line: 1
    Info (12023): Found entity 2: m_up_down_counter2 File: /home/vagrant/shared/L18_PWM/PWM.v Line: 9
    Info (12023): Found entity 3: m_10ms_clk File: /home/vagrant/shared/L18_PWM/PWM.v Line: 27
    Info (12023): Found entity 4: m_chattering File: /home/vagrant/shared/L18_PWM/PWM.v Line: 52
    Info (12023): Found entity 5: m_seven_segment File: /home/vagrant/shared/L18_PWM/PWM.v Line: 72
Info (12127): Elaborating entity "TopModule" for the top level hierarchy
Info (12128): Elaborating entity "m_chattering" for hierarchy "m_chattering:u0" File: /home/vagrant/shared/L18_PWM/TopModule.v Line: 30
Warning (10230): Verilog HDL assignment warning at PWM.v(61): truncated value with size 32 to match size of target (16) File: /home/vagrant/shared/L18_PWM/PWM.v Line: 61
Info (12128): Elaborating entity "m_10ms_clk" for hierarchy "m_10ms_clk:u2" File: /home/vagrant/shared/L18_PWM/TopModule.v Line: 32
Warning (10230): Verilog HDL assignment warning at PWM.v(40): truncated value with size 32 to match size of target (20) File: /home/vagrant/shared/L18_PWM/PWM.v Line: 40
Info (12128): Elaborating entity "m_up_down_counter2" for hierarchy "m_up_down_counter2:u3" File: /home/vagrant/shared/L18_PWM/TopModule.v Line: 33
Warning (10230): Verilog HDL assignment warning at PWM.v(17): truncated value with size 32 to match size of target (8) File: /home/vagrant/shared/L18_PWM/PWM.v Line: 17
Warning (10230): Verilog HDL assignment warning at PWM.v(21): truncated value with size 32 to match size of target (8) File: /home/vagrant/shared/L18_PWM/PWM.v Line: 21
Info (12128): Elaborating entity "m_pwm" for hierarchy "m_pwm:u4" File: /home/vagrant/shared/L18_PWM/TopModule.v Line: 34
Warning (10230): Verilog HDL assignment warning at PWM.v(4): truncated value with size 32 to match size of target (8) File: /home/vagrant/shared/L18_PWM/PWM.v Line: 4
Info (12128): Elaborating entity "m_seven_segment" for hierarchy "m_seven_segment:u5" File: /home/vagrant/shared/L18_PWM/TopModule.v Line: 35
Warning (10230): Verilog HDL assignment warning at PWM.v(100): truncated value with size 39 to match size of target (8) File: /home/vagrant/shared/L18_PWM/PWM.v Line: 100
Warning (13024): Output pins are stuck at VCC or GND
    Warning (13410): Pin "HEX0[7]" is stuck at VCC File: /home/vagrant/shared/L18_PWM/TopModule.v Line: 6
    Warning (13410): Pin "HEX1[7]" is stuck at VCC File: /home/vagrant/shared/L18_PWM/TopModule.v Line: 7
    Warning (13410): Pin "HEX2[0]" is stuck at VCC File: /home/vagrant/shared/L18_PWM/TopModule.v Line: 8
    Warning (13410): Pin "HEX2[1]" is stuck at VCC File: /home/vagrant/shared/L18_PWM/TopModule.v Line: 8
    Warning (13410): Pin "HEX2[2]" is stuck at VCC File: /home/vagrant/shared/L18_PWM/TopModule.v Line: 8
    Warning (13410): Pin "HEX2[3]" is stuck at VCC File: /home/vagrant/shared/L18_PWM/TopModule.v Line: 8
    Warning (13410): Pin "HEX2[4]" is stuck at VCC File: /home/vagrant/shared/L18_PWM/TopModule.v Line: 8
    Warning (13410): Pin "HEX2[5]" is stuck at VCC File: /home/vagrant/shared/L18_PWM/TopModule.v Line: 8
    Warning (13410): Pin "HEX2[6]" is stuck at VCC File: /home/vagrant/shared/L18_PWM/TopModule.v Line: 8
    Warning (13410): Pin "HEX2[7]" is stuck at VCC File: /home/vagrant/shared/L18_PWM/TopModule.v Line: 8
    Warning (13410): Pin "HEX3[0]" is stuck at VCC File: /home/vagrant/shared/L18_PWM/TopModule.v Line: 9
    Warning (13410): Pin "HEX3[1]" is stuck at VCC File: /home/vagrant/shared/L18_PWM/TopModule.v Line: 9
    Warning (13410): Pin "HEX3[2]" is stuck at VCC File: /home/vagrant/shared/L18_PWM/TopModule.v Line: 9
    Warning (13410): Pin "HEX3[3]" is stuck at VCC File: /home/vagrant/shared/L18_PWM/TopModule.v Line: 9
    Warning (13410): Pin "HEX3[4]" is stuck at VCC File: /home/vagrant/shared/L18_PWM/TopModule.v Line: 9
    Warning (13410): Pin "HEX3[5]" is stuck at VCC File: /home/vagrant/shared/L18_PWM/TopModule.v Line: 9
    Warning (13410): Pin "HEX3[6]" is stuck at VCC File: /home/vagrant/shared/L18_PWM/TopModule.v Line: 9
    Warning (13410): Pin "HEX3[7]" is stuck at VCC File: /home/vagrant/shared/L18_PWM/TopModule.v Line: 9
    Warning (13410): Pin "HEX4[0]" is stuck at VCC File: /home/vagrant/shared/L18_PWM/TopModule.v Line: 10
    Warning (13410): Pin "HEX4[1]" is stuck at VCC File: /home/vagrant/shared/L18_PWM/TopModule.v Line: 10
    Warning (13410): Pin "HEX4[2]" is stuck at VCC File: /home/vagrant/shared/L18_PWM/TopModule.v Line: 10
    Warning (13410): Pin "HEX4[3]" is stuck at VCC File: /home/vagrant/shared/L18_PWM/TopModule.v Line: 10
    Warning (13410): Pin "HEX4[4]" is stuck at VCC File: /home/vagrant/shared/L18_PWM/TopModule.v Line: 10
    Warning (13410): Pin "HEX4[5]" is stuck at VCC File: /home/vagrant/shared/L18_PWM/TopModule.v Line: 10
    Warning (13410): Pin "HEX4[6]" is stuck at VCC File: /home/vagrant/shared/L18_PWM/TopModule.v Line: 10
    Warning (13410): Pin "HEX4[7]" is stuck at VCC File: /home/vagrant/shared/L18_PWM/TopModule.v Line: 10
    Warning (13410): Pin "HEX5[0]" is stuck at VCC File: /home/vagrant/shared/L18_PWM/TopModule.v Line: 11
    Warning (13410): Pin "HEX5[1]" is stuck at VCC File: /home/vagrant/shared/L18_PWM/TopModule.v Line: 11
    Warning (13410): Pin "HEX5[2]" is stuck at VCC File: /home/vagrant/shared/L18_PWM/TopModule.v Line: 11
    Warning (13410): Pin "HEX5[3]" is stuck at VCC File: /home/vagrant/shared/L18_PWM/TopModule.v Line: 11
    Warning (13410): Pin "HEX5[4]" is stuck at VCC File: /home/vagrant/shared/L18_PWM/TopModule.v Line: 11
    Warning (13410): Pin "HEX5[5]" is stuck at VCC File: /home/vagrant/shared/L18_PWM/TopModule.v Line: 11
    Warning (13410): Pin "HEX5[6]" is stuck at VCC File: /home/vagrant/shared/L18_PWM/TopModule.v Line: 11
    Warning (13410): Pin "HEX5[7]" is stuck at VCC File: /home/vagrant/shared/L18_PWM/TopModule.v Line: 11
Info (286030): Timing-Driven Synthesis is running
Info (16010): Generating hard_block partition "hard_block:auto_generated_inst"
    Info (16011): Adding 0 node(s), including 0 DDIO, 0 PLL, 0 transceiver and 0 LCELL
Warning (21074): Design contains 11 input pin(s) that do not drive logic
    Warning (15610): No output dependent on input pin "CLK2" File: /home/vagrant/shared/L18_PWM/TopModule.v Line: 4
    Warning (15610): No output dependent on input pin "SW[0]" File: /home/vagrant/shared/L18_PWM/TopModule.v Line: 19
    Warning (15610): No output dependent on input pin "SW[1]" File: /home/vagrant/shared/L18_PWM/TopModule.v Line: 19
    Warning (15610): No output dependent on input pin "SW[2]" File: /home/vagrant/shared/L18_PWM/TopModule.v Line: 19
    Warning (15610): No output dependent on input pin "SW[3]" File: /home/vagrant/shared/L18_PWM/TopModule.v Line: 19
    Warning (15610): No output dependent on input pin "SW[4]" File: /home/vagrant/shared/L18_PWM/TopModule.v Line: 19
    Warning (15610): No output dependent on input pin "SW[5]" File: /home/vagrant/shared/L18_PWM/TopModule.v Line: 19
    Warning (15610): No output dependent on input pin "SW[6]" File: /home/vagrant/shared/L18_PWM/TopModule.v Line: 19
    Warning (15610): No output dependent on input pin "SW[7]" File: /home/vagrant/shared/L18_PWM/TopModule.v Line: 19
    Warning (15610): No output dependent on input pin "SW[8]" File: /home/vagrant/shared/L18_PWM/TopModule.v Line: 19
    Warning (15610): No output dependent on input pin "SW[9]" File: /home/vagrant/shared/L18_PWM/TopModule.v Line: 19
Info (21057): Implemented 175 device resources after synthesis - the final resource count might be different
    Info (21058): Implemented 14 input pins
    Info (21059): Implemented 58 output pins
    Info (21061): Implemented 103 logic cells
Info: Quartus Prime Analysis & Synthesis was successful. 0 errors, 54 warnings
    Info: Peak virtual memory: 405 megabytes
    Info: Processing ended: Thu Jul  2 07:54:02 2020
    Info: Elapsed time: 00:00:08
    Info: Total CPU time (on all processors): 00:00:12


